<?xml version="1.0" encoding="UTF-8"?>
<testng-results ignored="0" total="1" passed="1" failed="0" skipped="0">
  <reporter-output>
  </reporter-output>
  <suite started-at="2022-10-15T22:51:33 IST" name="Suite" finished-at="2022-10-15T22:51:49 IST" duration-ms="15702">
    <groups>
    </groups>
    <test started-at="2022-10-15T22:51:33 IST" name="Test" finished-at="2022-10-15T22:51:49 IST" duration-ms="15702">
      <class name="fundModule.verifyUserCanAddFunds">
        <test-method is-config="true" signature="beforeClass()[pri:0, instance:fundModule.verifyUserCanAddFunds@52bf72b5]" started-at="2022-10-15T22:51:33 IST" name="beforeClass" finished-at="2022-10-15T22:51:48 IST" duration-ms="15126" status="PASS">
          <reporter-output>
          </reporter-output>
        </test-method> <!-- beforeClass -->
        <test-method is-config="true" signature="beforeMethod()[pri:0, instance:fundModule.verifyUserCanAddFunds@52bf72b5]" started-at="2022-10-15T22:51:48 IST" name="beforeMethod" finished-at="2022-10-15T22:51:48 IST" duration-ms="142" status="PASS">
          <reporter-output>
          </reporter-output>
        </test-method> <!-- beforeMethod -->
        <test-method signature="verifyUserCanLogin()[pri:0, instance:fundModule.verifyUserCanAddFunds@52bf72b5]" started-at="2022-10-15T22:51:48 IST" name="verifyUserCanLogin" finished-at="2022-10-15T22:51:49 IST" duration-ms="357" status="PASS">
          <reporter-output>
          </reporter-output>
        </test-method> <!-- verifyUserCanLogin -->
        <test-method is-config="true" signature="afterMethod()[pri:0, instance:fundModule.verifyUserCanAddFunds@52bf72b5]" started-at="2022-10-15T22:51:49 IST" name="afterMethod" finished-at="2022-10-15T22:51:49 IST" duration-ms="0" status="PASS">
          <reporter-output>
          </reporter-output>
        </test-method> <!-- afterMethod -->
        <test-method is-config="true" signature="afterClass()[pri:0, instance:fundModule.verifyUserCanAddFunds@52bf72b5]" started-at="2022-10-15T22:51:49 IST" name="afterClass" finished-at="2022-10-15T22:51:49 IST" duration-ms="1" status="PASS">
          <reporter-output>
          </reporter-output>
        </test-method> <!-- afterClass -->
      </class> <!-- fundModule.verifyUserCanAddFunds -->
    </test> <!-- Test -->
  </suite> <!-- Suite -->
</testng-results>
